<?xml version="1.0" encoding="UTF-8"?>
<testsuite xmlns:xsi="http://www.w3.org/2001/XMLSchema-instance" xsi:noNamespaceSchemaLocation="https://maven.apache.org/surefire/maven-surefire-plugin/xsd/surefire-test-report.xsd" name="CourierCreateTest" time="4.872" tests="4" errors="0" skipped="0" failures="0">
  <properties>
[...]
</properties>
  <testcase name="courierCreateTest" classname="CourierCreateTest" time="3.99"/>
  <testcase name="createSameCourirerErrTest" classname="CourierCreateTest" time="0.541"/>
  <testcase name="createCourirerWithoutPassErrTest" classname="CourierCreateTest" time="0.092"/>
  <testcase name="createCourirerWithoutLoginErrTest" classname="CourierCreateTest" time="0.098"/>
</testsuite>